npm verbose cli /usr/local/bin/node /usr/local/bin/npm
npm info using npm@10.8.2
npm info using node@v20.17.0
npm verbose title npm install
npm verbose argv "install" "--legacy-peer-deps" "--loglevel" "verbose"
npm verbose logfile logs-max:10 dir:/Users/angelarellan/.npm/_logs/2024-09-27T22_36_56_087Z-
npm verbose logfile /Users/angelarellan/.npm/_logs/2024-09-27T22_36_56_087Z-debug-0.log
npm http fetch GET 200 https://registry.npmjs.org/cypress 322ms (cache revalidated)
npm http fetch GET 200 https://registry.npmjs.org/lodash 76ms (cache revalidated)
npm http fetch GET 200 https://registry.npmjs.org/browserstack-cypress-cli 651ms (cache revalidated)
npm http fetch GET 200 https://registry.npmjs.org/chalk 97ms (cache revalidated)
npm http fetch GET 200 https://registry.npmjs.org/async 242ms (cache revalidated)
npm http fetch GET 200 https://registry.npmjs.org/fs-extra 249ms (cache revalidated)
npm http fetch GET 200 https://registry.npmjs.org/archiver 270ms (cache revalidated)
npm http fetch GET 200 https://registry.npmjs.org/git-repo-info 87ms (cache revalidated)
npm http fetch GET 200 https://registry.npmjs.org/glob 77ms (cache revalidated)
npm http fetch GET 200 https://registry.npmjs.org/mocha 90ms (cache revalidated)
npm http fetch GET 200 https://registry.npmjs.org/mkdirp 110ms (cache revalidated)
npm http fetch GET 200 https://registry.npmjs.org/node-ipc 91ms (cache revalidated)
npm http fetch GET 200 https://registry.npmjs.org/request 100ms (cache revalidated)
npm http fetch GET 200 https://registry.npmjs.org/requestretry 83ms (cache revalidated)
npm http fetch GET 200 https://registry.npmjs.org/table 103ms (cache revalidated)
npm http fetch GET 200 https://registry.npmjs.org/update-notifier 80ms (cache revalidated)
npm http fetch GET 200 https://registry.npmjs.org/uuid 78ms (cache revalidated)
npm http fetch GET 200 https://registry.npmjs.org/git-last-commit 675ms (cache revalidated)
npm http fetch GET 200 https://registry.npmjs.org/cli-progress 823ms (cache revalidated)
npm http fetch GET 200 https://registry.npmjs.org/windows-release 113ms (cache revalidated)
npm http fetch GET 200 https://registry.npmjs.org/winston 80ms (cache revalidated)
npm http fetch GET 200 https://registry.npmjs.org/yargs 130ms (cache revalidated)
npm http fetch GET 200 https://registry.npmjs.org/decompress 97ms (cache revalidated)
npm http fetch GET 200 https://registry.npmjs.org/getmac 938ms (cache revalidated)
npm http fetch GET 200 https://registry.npmjs.org/gitconfiglocal 719ms (cache revalidated)
npm http fetch GET 200 https://registry.npmjs.org/tmp 127ms (cache revalidated)
npm http fetch GET 200 https://registry.npmjs.org/unzipper 137ms (cache revalidated)
npm http fetch GET 200 https://registry.npmjs.org/browserstack-local 981ms (cache revalidated)
npm http fetch GET 200 https://registry.npmjs.org/dayjs 130ms (cache revalidated)
npm http fetch GET 200 https://registry.npmjs.org/execa 104ms (cache revalidated)
npm http fetch GET 200 https://registry.npmjs.org/arch 159ms (cache revalidated)
npm http fetch GET 200 https://registry.npmjs.org/debug 128ms (cache revalidated)
npm http fetch GET 200 https://registry.npmjs.org/is-ci 118ms (cache revalidated)
npm http fetch GET 200 https://registry.npmjs.org/getos 125ms (cache revalidated)
npm http fetch GET 200 https://registry.npmjs.org/yauzl 128ms (cache revalidated)
npm http fetch GET 200 https://registry.npmjs.org/listr2 85ms (cache revalidated)
npm http fetch GET 200 https://registry.npmjs.org/buffer 115ms (cache revalidated)
npm http fetch GET 200 https://registry.npmjs.org/process 89ms (cache revalidated)
npm http fetch GET 200 https://registry.npmjs.org/figures 103ms (cache revalidated)
npm http fetch GET 200 https://registry.npmjs.org/bluebird 95ms (cache revalidated)
npm http fetch GET 200 https://registry.npmjs.org/semver 128ms (cache revalidated)
npm http fetch GET 200 https://registry.npmjs.org/ospath 154ms (cache revalidated)
npm http fetch GET 200 https://registry.npmjs.org/cachedir 95ms (cache revalidated)
npm http fetch GET 200 https://registry.npmjs.org/commander 76ms (cache revalidated)
npm http fetch GET 200 https://registry.npmjs.org/blob-util 96ms (cache revalidated)
npm http fetch GET 200 https://registry.npmjs.org/enquirer 122ms (cache revalidated)
npm http fetch GET 200 https://registry.npmjs.org/lazy-ass 126ms (cache revalidated)
npm http fetch GET 200 https://registry.npmjs.org/minimist 120ms (cache revalidated)
npm http fetch GET 200 https://registry.npmjs.org/untildify 94ms (cache revalidated)
npm http fetch GET 200 https://registry.npmjs.org/cli-cursor 82ms (cache revalidated)
npm http fetch GET 200 https://registry.npmjs.org/executable 78ms (cache revalidated)
npm http fetch GET 200 https://registry.npmjs.org/cli-table3 100ms (cache revalidated)
npm http fetch GET 200 https://registry.npmjs.org/extract-zip 87ms (cache revalidated)
npm http fetch GET 200 https://registry.npmjs.org/pretty-bytes 77ms (cache revalidated)
npm http fetch GET 200 https://registry.npmjs.org/common-tags 97ms (cache revalidated)
npm http fetch GET 200 https://registry.npmjs.org/@cypress%2fxvfb 112ms (cache revalidated)
npm http fetch GET 200 https://registry.npmjs.org/supports-color 83ms (cache revalidated)
npm http fetch GET 200 https://registry.npmjs.org/eventemitter2 105ms (cache revalidated)
npm http fetch GET 200 https://registry.npmjs.org/proxy-from-env 102ms (cache revalidated)
npm http fetch GET 200 https://registry.npmjs.org/check-more-types 76ms (cache revalidated)
npm http fetch GET 200 https://registry.npmjs.org/@cypress%2frequest 137ms (cache revalidated)
npm http fetch GET 200 https://registry.npmjs.org/request-progress 92ms (cache revalidated)
npm http fetch GET 200 https://registry.npmjs.org/@types%2fsinonjs__fake-timers 88ms (cache revalidated)
npm http fetch GET 200 https://registry.npmjs.org/is-installed-globally 124ms (cache revalidated)
npm http fetch GET 200 https://registry.npmjs.org/log-symbols 724ms (cache revalidated)
npm http fetch GET 200 https://registry.npmjs.org/@types%2fsizzle 1248ms (cache revalidated)
npm http fetch GET 200 https://registry.npmjs.org/readable-stream 80ms (cache revalidated)
npm http fetch GET 200 https://registry.npmjs.org/readdir-glob 87ms (cache revalidated)
npm http fetch GET 200 https://registry.npmjs.org/archiver-utils 96ms (cache revalidated)
npm http fetch GET 200 https://registry.npmjs.org/https-proxy-agent 93ms (cache revalidated)
npm http fetch GET 200 https://registry.npmjs.org/tar-stream 105ms (cache revalidated)
npm http fetch GET 200 https://registry.npmjs.org/zip-stream 126ms (cache revalidated)
npm http fetch GET 200 https://registry.npmjs.org/ps-tree 79ms (cache revalidated)
npm http fetch GET 200 https://registry.npmjs.org/agent-base 87ms (cache revalidated)
npm http fetch GET 200 https://registry.npmjs.org/ansi-styles 83ms (cache revalidated)
npm http fetch GET 200 https://registry.npmjs.org/string-width 74ms (cache revalidated)
npm http fetch GET 200 https://registry.npmjs.org/decompress-tar 83ms (cache revalidated)
npm http fetch GET 200 https://registry.npmjs.org/decompress-tarbz2 75ms (cache revalidated)
npm http fetch GET 200 https://registry.npmjs.org/decompress-unzip 72ms (cache revalidated)
npm http fetch GET 200 https://registry.npmjs.org/decompress-targz 88ms (cache revalidated)
npm http fetch GET 200 https://registry.npmjs.org/make-dir 71ms (cache revalidated)
npm http fetch GET 200 https://registry.npmjs.org/graceful-fs 89ms (cache revalidated)
npm http fetch GET 200 https://registry.npmjs.org/strip-dirs 81ms (cache revalidated)
npm http fetch GET 200 https://registry.npmjs.org/graceful-fs 85ms (cache revalidated)
npm http fetch GET 200 https://registry.npmjs.org/pify 142ms (cache revalidated)
npm http fetch GET 200 https://registry.npmjs.org/jsonfile 89ms (cache revalidated)
npm http fetch GET 200 https://registry.npmjs.org/universalify 82ms (cache revalidated)
npm http fetch GET 200 https://registry.npmjs.org/ini 90ms (cache revalidated)
npm http fetch GET 200 https://registry.npmjs.org/once 89ms (cache revalidated)
npm http fetch GET 200 https://registry.npmjs.org/inflight 78ms (cache revalidated)
npm http fetch GET 200 https://registry.npmjs.org/@types%2fnode 128ms (cache revalidated)
npm http fetch GET 200 https://registry.npmjs.org/fs.realpath 158ms (cache revalidated)
npm http fetch GET 200 https://registry.npmjs.org/minimatch 163ms (cache revalidated)
npm http fetch GET 200 https://registry.npmjs.org/inherits 179ms (cache revalidated)
npm http fetch GET 200 https://registry.npmjs.org/is-running 661ms (cache revalidated)
npm http fetch GET 200 https://registry.npmjs.org/buffer-crc32 751ms (cache revalidated)
npm http fetch GET 200 https://registry.npmjs.org/temp-fs 665ms (cache revalidated)
npm http fetch GET 200 https://registry.npmjs.org/path-is-absolute 97ms (cache revalidated)
npm http fetch GET 200 https://registry.npmjs.org/chokidar 83ms (cache revalidated)
npm http fetch GET 200 https://registry.npmjs.org/ansi-colors 98ms (cache revalidated)
npm http fetch GET 200 https://registry.npmjs.org/browser-stdout 96ms (cache revalidated)
npm http fetch GET 200 https://registry.npmjs.org/diff 91ms (cache revalidated)
npm http fetch GET 200 https://registry.npmjs.org/find-up 83ms (cache revalidated)
npm http fetch GET 200 https://registry.npmjs.org/escape-string-regexp 97ms (cache revalidated)
npm http fetch GET 200 https://registry.npmjs.org/yargs 4ms (cache hit)
npm http fetch GET 200 https://registry.npmjs.org/ms 80ms (cache revalidated)
npm http fetch GET 200 https://registry.npmjs.org/js-yaml 93ms (cache revalidated)
npm http fetch GET 200 https://registry.npmjs.org/he 104ms (cache revalidated)
npm http fetch GET 200 https://registry.npmjs.org/workerpool 78ms (cache revalidated)
npm http fetch GET 200 https://registry.npmjs.org/strip-json-comments 88ms (cache revalidated)
npm http fetch GET 200 https://registry.npmjs.org/serialize-javascript 143ms (cache revalidated)
npm http fetch GET 200 https://registry.npmjs.org/js-queue 72ms (cache revalidated)
npm http fetch GET 200 https://registry.npmjs.org/js-message 81ms (cache revalidated)
npm http fetch GET 200 https://registry.npmjs.org/yargs-parser 100ms (cache revalidated)
npm http fetch GET 200 https://registry.npmjs.org/yargs-unparser 99ms (cache revalidated)
npm http fetch GET 200 https://registry.npmjs.org/event-pubsub 76ms (cache revalidated)
npm http fetch GET 200 https://registry.npmjs.org/qs 80ms (cache revalidated)
npm http fetch GET 200 https://registry.npmjs.org/aws4 93ms (cache revalidated)
npm http fetch GET 200 https://registry.npmjs.org/extend 82ms (cache revalidated)
npm http fetch GET 200 https://registry.npmjs.org/aws-sign2 73ms (cache revalidated)
npm http fetch GET 200 https://registry.npmjs.org/caseless 86ms (cache revalidated)
npm http fetch GET 200 https://registry.npmjs.org/form-data 80ms (cache revalidated)
npm http fetch GET 200 https://registry.npmjs.org/mime-types 100ms (cache revalidated)
npm http fetch GET 200 https://registry.npmjs.org/isstream 154ms (cache revalidated)
npm http fetch GET 200 https://registry.npmjs.org/oauth-sign 93ms (cache revalidated)
npm http fetch GET 200 https://registry.npmjs.org/tunnel-agent 83ms (cache revalidated)
npm http fetch GET 200 https://registry.npmjs.org/tough-cookie 98ms (cache revalidated)
npm http fetch GET 200 https://registry.npmjs.org/safe-buffer 115ms (cache revalidated)
npm http fetch GET 200 https://registry.npmjs.org/forever-agent 76ms (cache revalidated)
npm http fetch GET 200 https://registry.npmjs.org/har-validator 97ms (cache revalidated)
npm http fetch GET 200 https://registry.npmjs.org/combined-stream 88ms (cache revalidated)
npm http fetch GET 200 https://registry.npmjs.org/is-typedarray 105ms (cache revalidated)
npm http fetch GET 200 https://registry.npmjs.org/http-signature 110ms (cache revalidated)
npm http fetch GET 200 https://registry.npmjs.org/json-stringify-safe 96ms (cache revalidated)
npm http fetch GET 200 https://registry.npmjs.org/ajv 88ms (cache revalidated)
npm http fetch GET 200 https://registry.npmjs.org/performance-now 122ms (cache revalidated)
npm http fetch GET 200 https://registry.npmjs.org/duplexer2 98ms (cache revalidated)
npm http fetch GET 200 https://registry.npmjs.org/node-int64 96ms (cache revalidated)
npm http fetch GET 200 https://registry.npmjs.org/slice-ansi 109ms (cache revalidated)
npm http fetch GET 200 https://registry.npmjs.org/boxen 89ms (cache revalidated)
npm http fetch GET 200 https://registry.npmjs.org/pupa 107ms (cache revalidated)
npm http fetch GET 200 https://registry.npmjs.org/is-npm 92ms (cache revalidated)
npm http fetch GET 200 https://registry.npmjs.org/is-in-ci 133ms (cache revalidated)
npm http fetch GET 200 https://registry.npmjs.org/configstore 82ms (cache revalidated)
npm http fetch GET 200 https://registry.npmjs.org/import-lazy 88ms (cache revalidated)
npm http fetch GET 200 https://registry.npmjs.org/latest-version 82ms (cache revalidated)
npm http fetch GET 200 https://registry.npmjs.org/xdg-basedir 91ms (cache revalidated)
npm http fetch GET 200 https://registry.npmjs.org/semver-diff 103ms (cache revalidated)
npm http fetch GET 200 https://registry.npmjs.org/eyes 83ms (cache revalidated)
npm http fetch GET 200 https://registry.npmjs.org/colors 120ms (cache revalidated)
npm http fetch GET 200 https://registry.npmjs.org/cycle 126ms (cache revalidated)
npm http fetch GET 200 https://registry.npmjs.org/y18n 105ms (cache revalidated)
npm http fetch GET 200 https://registry.npmjs.org/stack-trace 123ms (cache revalidated)
npm http fetch GET 200 https://registry.npmjs.org/cliui 110ms (cache revalidated)
npm http fetch GET 200 https://registry.npmjs.org/decamelize 115ms (cache revalidated)
npm http fetch GET 200 https://registry.npmjs.org/set-blocking 106ms (cache revalidated)
npm http fetch GET 200 https://registry.npmjs.org/require-directory 81ms (cache revalidated)
npm http fetch GET 200 https://registry.npmjs.org/require-main-filename 85ms (cache revalidated)
npm http fetch GET 200 https://registry.npmjs.org/get-caller-file 99ms (cache revalidated)
npm http fetch GET 200 https://registry.npmjs.org/which-module 105ms (cache revalidated)
npm http fetch GET 200 https://registry.npmjs.org/lodash.defaults 89ms (cache revalidated)
npm http fetch GET 200 https://registry.npmjs.org/lodash.union 89ms (cache revalidated)
npm http fetch GET 200 https://registry.npmjs.org/normalize-path 91ms (cache revalidated)
npm http fetch GET 200 https://registry.npmjs.org/lodash.difference 103ms (cache revalidated)
npm http fetch GET 200 https://registry.npmjs.org/lodash.isplainobject 106ms (cache revalidated)
npm http fetch GET 200 https://registry.npmjs.org/lodash.flatten 111ms (cache revalidated)
npm http fetch GET 200 https://registry.npmjs.org/lazystream 126ms (cache revalidated)
npm http fetch GET 200 https://registry.npmjs.org/bl 81ms (cache revalidated)
npm http fetch GET 200 https://registry.npmjs.org/string_decoder 91ms (cache revalidated)
npm http fetch GET 200 https://registry.npmjs.org/end-of-stream 82ms (cache revalidated)
npm http fetch GET 200 https://registry.npmjs.org/util-deprecate 125ms (cache revalidated)
npm http fetch GET 200 https://registry.npmjs.org/compress-commons 117ms (cache revalidated)
npm http fetch GET 200 https://registry.npmjs.org/fs-constants 126ms (cache revalidated)
npm http fetch GET 200 https://registry.npmjs.org/isarray 83ms (cache revalidated)
npm http fetch GET 200 https://registry.npmjs.org/core-util-is 84ms (cache revalidated)
npm http fetch GET 200 https://registry.npmjs.org/process-nextick-args 97ms (cache revalidated)
npm http fetch GET 200 https://registry.npmjs.org/event-stream 76ms (cache revalidated)
npm http fetch GET 200 https://registry.npmjs.org/rimraf 85ms (cache revalidated)
npm http fetch GET 200 https://registry.npmjs.org/color-convert 87ms (cache revalidated)
npm http fetch GET 200 https://registry.npmjs.org/has-flag 110ms (cache revalidated)
npm http fetch GET 200 https://registry.npmjs.org/color-name 72ms (cache revalidated)
npm http fetch GET 200 https://registry.npmjs.org/strip-ansi 75ms (cache revalidated)
npm http fetch GET 200 https://registry.npmjs.org/is-fullwidth-code-point 82ms (cache revalidated)
npm http fetch GET 200 https://registry.npmjs.org/emoji-regex 83ms (cache revalidated)
npm http fetch GET 200 https://registry.npmjs.org/lodash.once 88ms (cache revalidated)
npm http fetch GET 200 https://registry.npmjs.org/restore-cursor 88ms (cache revalidated)
npm http fetch GET 200 https://registry.npmjs.org/base64-js 96ms (cache revalidated)
npm http fetch GET 200 https://registry.npmjs.org/is-stream 94ms (cache revalidated)
npm http fetch GET 200 https://registry.npmjs.org/ieee754 108ms (cache revalidated)
npm http fetch GET 200 https://registry.npmjs.org/@colors%2fcolors 112ms (cache revalidated)
npm http fetch GET 200 https://registry.npmjs.org/onetime 129ms (cache revalidated)
npm http fetch GET 200 https://registry.npmjs.org/merge-stream 110ms (cache revalidated)
npm http fetch GET 200 https://registry.npmjs.org/get-stream 122ms (cache revalidated)
npm http fetch GET 200 https://registry.npmjs.org/cross-spawn 121ms (cache revalidated)
npm http fetch GET 200 https://registry.npmjs.org/signal-exit 118ms (cache revalidated)
npm http fetch GET 200 https://registry.npmjs.org/human-signals 102ms (cache revalidated)
npm http fetch GET 200 https://registry.npmjs.org/npm-run-path 115ms (cache revalidated)
npm http fetch GET 200 https://registry.npmjs.org/strip-final-newline 95ms (cache revalidated)
npm http fetch GET 200 https://registry.npmjs.org/get-stream 27ms (cache hit)
npm http fetch GET 200 https://registry.npmjs.org/global-dirs 81ms (cache revalidated)
npm http fetch GET 200 https://registry.npmjs.org/at-least-node 94ms (cache revalidated)
npm http fetch GET 200 https://registry.npmjs.org/rfdc 85ms (cache revalidated)
npm http fetch GET 200 https://registry.npmjs.org/is-path-inside 91ms (cache revalidated)
npm http fetch GET 200 https://registry.npmjs.org/ci-info 105ms (cache revalidated)
npm http fetch GET 200 https://registry.npmjs.org/rxjs 94ms (cache revalidated)
npm http fetch GET 200 https://registry.npmjs.org/@types%2fyauzl 138ms (cache revalidated)
npm http fetch GET 200 https://registry.npmjs.org/p-map 79ms (cache revalidated)
npm http fetch GET 200 https://registry.npmjs.org/through 76ms (cache revalidated)
npm http fetch GET 200 https://registry.npmjs.org/colorette 83ms (cache revalidated)
npm http fetch GET 200 https://registry.npmjs.org/wrap-ansi 90ms (cache revalidated)
npm http fetch GET 200 https://registry.npmjs.org/is-unicode-supported 69ms (cache revalidated)
npm http fetch GET 200 https://registry.npmjs.org/cli-truncate 83ms (cache revalidated)
npm http fetch GET 200 https://registry.npmjs.org/log-update 113ms (cache revalidated)
npm http fetch GET 200 https://registry.npmjs.org/throttleit 74ms (cache revalidated)
npm http fetch GET 200 https://registry.npmjs.org/fd-slicer 96ms (cache revalidated)
npm http fetch GET 200 https://registry.npmjs.org/sshpk 84ms (cache revalidated)
npm http fetch GET 200 https://registry.npmjs.org/side-channel 85ms (cache revalidated)
npm http fetch GET 200 https://registry.npmjs.org/assert-plus 97ms (cache revalidated)
npm http fetch GET 200 https://registry.npmjs.org/asynckit 99ms (cache revalidated)
npm http fetch GET 200 https://registry.npmjs.org/delayed-stream 102ms (cache revalidated)
npm http fetch GET 200 https://registry.npmjs.org/jsprim 101ms (cache revalidated)
npm http fetch GET 200 https://registry.npmjs.org/mime-db 117ms (cache revalidated)
npm http fetch GET 200 https://registry.npmjs.org/punycode 86ms (cache revalidated)
npm http fetch GET 200 https://registry.npmjs.org/url-parse 82ms (cache revalidated)
npm http fetch GET 200 https://registry.npmjs.org/psl 125ms (cache revalidated)
npm http fetch GET 200 https://registry.npmjs.org/is-natural-number 93ms (cache revalidated)
npm http fetch GET 200 https://registry.npmjs.org/file-type 100ms (cache revalidated)
npm http fetch GET 200 https://registry.npmjs.org/seek-bzip 106ms (cache revalidated)
npm http fetch GET 200 https://registry.npmjs.org/file-type 105ms (cache revalidated)
npm http fetch GET 200 https://registry.npmjs.org/file-type 113ms (cache revalidated)
npm http fetch GET 200 https://registry.npmjs.org/unbzip2-stream 120ms (cache revalidated)
npm http fetch GET 200 https://registry.npmjs.org/file-type 147ms (cache revalidated)
npm http fetch GET 200 https://registry.npmjs.org/xtend 85ms (cache revalidated)
npm http fetch GET 200 https://registry.npmjs.org/to-buffer 88ms (cache revalidated)
npm http fetch GET 200 https://registry.npmjs.org/buffer-alloc 90ms (cache revalidated)
npm http fetch GET 200 https://registry.npmjs.org/pinkie-promise 84ms (cache revalidated)
npm http fetch GET 200 https://registry.npmjs.org/object-assign 104ms (cache revalidated)
npm http fetch GET 200 https://registry.npmjs.org/ansi-regex 82ms (cache revalidated)
npm http fetch GET 200 https://registry.npmjs.org/path-key 78ms (cache revalidated)
npm http fetch GET 200 https://registry.npmjs.org/pump 82ms (cache revalidated)
npm http fetch GET 200 https://registry.npmjs.org/which 89ms (cache revalidated)
npm http fetch GET 200 https://registry.npmjs.org/path-key 131ms (cache revalidated)
npm http fetch GET 200 https://registry.npmjs.org/shebang-command 131ms (cache revalidated)
npm http fetch GET 200 https://registry.npmjs.org/mimic-fn 129ms (cache revalidated)
npm http fetch GET 200 https://registry.npmjs.org/shebang-regex 90ms (cache revalidated)
npm http fetch GET 200 https://registry.npmjs.org/isexe 94ms (cache revalidated)
npm http fetch GET 200 https://registry.npmjs.org/@types%2fnode 23ms (cache hit)
npm http fetch GET 200 https://registry.npmjs.org/undici-types 97ms (cache revalidated)
npm http fetch GET 200 https://registry.npmjs.org/pinkie 80ms (cache revalidated)
npm http fetch GET 200 https://registry.npmjs.org/wrappy 75ms (cache revalidated)
npm http fetch GET 200 https://registry.npmjs.org/brace-expansion 79ms (cache revalidated)
npm http fetch GET 200 https://registry.npmjs.org/wrappy 85ms (cache revalidated)
npm http fetch GET 200 https://registry.npmjs.org/asn1 82ms (cache revalidated)
npm http fetch GET 200 https://registry.npmjs.org/dashdash 85ms (cache revalidated)
npm http fetch GET 200 https://registry.npmjs.org/json-schema 93ms (cache revalidated)
npm http fetch GET 200 https://registry.npmjs.org/verror 94ms (cache revalidated)
npm http fetch GET 200 https://registry.npmjs.org/extsprintf 97ms (cache revalidated)
npm http fetch GET 200 https://registry.npmjs.org/safer-buffer 99ms (cache revalidated)
npm http fetch GET 200 https://registry.npmjs.org/getpass 104ms (cache revalidated)
npm http fetch GET 200 https://registry.npmjs.org/tweetnacl 89ms (cache revalidated)
npm http fetch GET 200 https://registry.npmjs.org/jsbn 98ms (cache revalidated)
npm http fetch GET 200 https://registry.npmjs.org/bcrypt-pbkdf 89ms (cache revalidated)
npm http fetch GET 200 https://registry.npmjs.org/ecc-jsbn 116ms (cache revalidated)
npm http fetch GET 200 https://registry.npmjs.org/ansi-escapes 78ms (cache revalidated)
npm http fetch GET 200 https://registry.npmjs.org/aggregate-error 93ms (cache revalidated)
npm http fetch GET 200 https://registry.npmjs.org/tslib 105ms (cache revalidated)
npm http fetch GET 200 https://registry.npmjs.org/astral-regex 79ms (cache revalidated)
npm http fetch GET 200 https://registry.npmjs.org/type-fest 87ms (cache revalidated)
npm http fetch GET 200 https://registry.npmjs.org/balanced-match 82ms (cache revalidated)
npm http fetch GET 200 https://registry.npmjs.org/concat-map 94ms (cache revalidated)
npm http fetch GET 200 https://registry.npmjs.org/is-glob 83ms (cache revalidated)
npm http fetch GET 200 https://registry.npmjs.org/is-binary-path 90ms (cache revalidated)
npm http fetch GET 200 https://registry.npmjs.org/braces 97ms (cache revalidated)
npm http fetch GET 200 https://registry.npmjs.org/fsevents 117ms (cache revalidated)
npm http fetch GET 200 https://registry.npmjs.org/glob-parent 125ms (cache revalidated)
npm http fetch GET 200 https://registry.npmjs.org/readdirp 130ms (cache revalidated)
npm http fetch GET 200 https://registry.npmjs.org/anymatch 143ms (cache revalidated)
npm http fetch GET 200 https://registry.npmjs.org/locate-path 76ms (cache revalidated)
npm http fetch GET 200 https://registry.npmjs.org/argparse 101ms (cache revalidated)
npm http fetch GET 200 https://registry.npmjs.org/path-exists 114ms (cache revalidated)
npm http fetch GET 200 https://registry.npmjs.org/randombytes 86ms (cache revalidated)
npm http fetch GET 200 https://registry.npmjs.org/escalade 82ms (cache revalidated)
npm http fetch GET 200 https://registry.npmjs.org/camelcase 83ms (cache revalidated)
npm http fetch GET 200 https://registry.npmjs.org/flat 76ms (cache revalidated)
npm http fetch GET 200 https://registry.npmjs.org/is-plain-obj 69ms (cache revalidated)
npm http fetch GET 200 https://registry.npmjs.org/is-extglob 83ms (cache revalidated)
npm http fetch GET 200 https://registry.npmjs.org/fill-range 96ms (cache revalidated)
npm http fetch GET 200 https://registry.npmjs.org/picomatch 99ms (cache revalidated)
npm http fetch GET 200 https://registry.npmjs.org/picomatch 104ms (cache revalidated)
npm http fetch GET 200 https://registry.npmjs.org/binary-extensions 109ms (cache revalidated)
npm http fetch GET 200 https://registry.npmjs.org/to-regex-range 99ms (cache revalidated)
npm http fetch GET 200 https://registry.npmjs.org/is-number 71ms (cache revalidated)
npm http fetch GET 200 https://registry.npmjs.org/p-locate 75ms (cache revalidated)
npm http fetch GET 200 https://registry.npmjs.org/p-limit 81ms (cache revalidated)
npm http fetch GET 200 https://registry.npmjs.org/easy-stack 100ms (cache revalidated)
npm http fetch GET 200 https://registry.npmjs.org/yocto-queue 86ms (cache revalidated)
npm http fetch GET 200 https://registry.npmjs.org/clean-stack 77ms (cache revalidated)
npm http fetch GET 200 https://registry.npmjs.org/indent-string 86ms (cache revalidated)
npm http fetch GET 200 https://registry.npmjs.org/from 96ms (cache revalidated)
npm http fetch GET 200 https://registry.npmjs.org/duplexer 97ms (cache revalidated)
npm http fetch GET 200 https://registry.npmjs.org/split 95ms (cache revalidated)
npm http fetch GET 200 https://registry.npmjs.org/pause-stream 110ms (cache revalidated)
npm http fetch GET 200 https://registry.npmjs.org/stream-combiner 110ms (cache revalidated)
npm http fetch GET 200 https://registry.npmjs.org/map-stream 790ms (cache revalidated)
npm http fetch GET 200 https://registry.npmjs.org/call-bind 86ms (cache revalidated)
npm http fetch GET 200 https://registry.npmjs.org/es-errors 90ms (cache revalidated)
npm http fetch GET 200 https://registry.npmjs.org/object-inspect 89ms (cache revalidated)
npm http fetch GET 200 https://registry.npmjs.org/get-intrinsic 93ms (cache revalidated)
npm http fetch GET 200 https://registry.npmjs.org/ajv 7ms (cache hit)
npm http fetch GET 200 https://registry.npmjs.org/har-schema 77ms (cache revalidated)
npm http fetch GET 200 https://registry.npmjs.org/fast-deep-equal 72ms (cache revalidated)
npm http fetch GET 200 https://registry.npmjs.org/fast-json-stable-stringify 74ms (cache revalidated)
npm http fetch GET 200 https://registry.npmjs.org/json-schema-traverse 82ms (cache revalidated)
npm http fetch GET 200 https://registry.npmjs.org/uri-js 98ms (cache revalidated)
npm http fetch GET 200 https://registry.npmjs.org/function-bind 118ms (cache revalidated)
npm http fetch GET 200 https://registry.npmjs.org/set-function-length 117ms (cache revalidated)
npm http fetch GET 200 https://registry.npmjs.org/hasown 118ms (cache revalidated)
npm http fetch GET 200 https://registry.npmjs.org/has-proto 124ms (cache revalidated)
npm http fetch GET 200 https://registry.npmjs.org/function-bind 127ms (cache revalidated)
npm http fetch GET 200 https://registry.npmjs.org/es-define-property 130ms (cache revalidated)
npm http fetch GET 200 https://registry.npmjs.org/has-symbols 129ms (cache revalidated)
npm http fetch GET 200 https://registry.npmjs.org/define-data-property 78ms (cache revalidated)
npm http fetch GET 200 https://registry.npmjs.org/has-property-descriptors 79ms (cache revalidated)
npm http fetch GET 200 https://registry.npmjs.org/gopd 87ms (cache revalidated)
npm http fetch GET 200 https://registry.npmjs.org/requires-port 78ms (cache revalidated)
npm http fetch GET 200 https://registry.npmjs.org/querystringify 88ms (cache revalidated)
npm http fetch GET 200 https://registry.npmjs.org/cli-boxes 79ms (cache revalidated)
npm http fetch GET 200 https://registry.npmjs.org/package-json 82ms (cache revalidated)
npm http fetch GET 200 https://registry.npmjs.org/unique-string 84ms (cache revalidated)
npm http fetch GET 200 https://registry.npmjs.org/ansi-align 89ms (cache revalidated)
npm http fetch GET 200 https://registry.npmjs.org/write-file-atomic 86ms (cache revalidated)
npm http fetch GET 200 https://registry.npmjs.org/widest-line 93ms (cache revalidated)
npm http fetch GET 200 https://registry.npmjs.org/dot-prop 92ms (cache revalidated)
npm http fetch GET 200 https://registry.npmjs.org/escape-goat 66ms (cache revalidated)
npm http fetch GET 200 https://registry.npmjs.org/eastasianwidth 85ms (cache revalidated)
npm http fetch GET 200 https://registry.npmjs.org/crypto-random-string 81ms (cache revalidated)
npm http fetch GET 200 https://registry.npmjs.org/is-obj 84ms (cache revalidated)
npm http fetch GET 200 https://registry.npmjs.org/imurmurhash 84ms (cache revalidated)
npm http fetch GET 200 https://registry.npmjs.org/typedarray-to-buffer 86ms (cache revalidated)
npm http fetch GET 200 https://registry.npmjs.org/registry-url 74ms (cache revalidated)
npm http fetch GET 200 https://registry.npmjs.org/got 90ms (cache revalidated)
npm http fetch GET 200 https://registry.npmjs.org/registry-auth-token 100ms (cache revalidated)
npm http fetch GET 200 https://registry.npmjs.org/responselike 89ms (cache revalidated)
npm http fetch GET 200 https://registry.npmjs.org/lowercase-keys 91ms (cache revalidated)
npm http fetch GET 200 https://registry.npmjs.org/p-cancelable 94ms (cache revalidated)
npm http fetch GET 200 https://registry.npmjs.org/http2-wrapper 100ms (cache revalidated)
npm http fetch GET 200 https://registry.npmjs.org/cacheable-lookup 101ms (cache revalidated)
npm http fetch GET 200 https://registry.npmjs.org/cacheable-request 114ms (cache revalidated)
npm http fetch GET 200 https://registry.npmjs.org/@sindresorhus%2fis 124ms (cache revalidated)
npm http fetch GET 200 https://registry.npmjs.org/form-data-encoder 79ms (cache revalidated)
npm http fetch GET 200 https://registry.npmjs.org/rc 76ms (cache revalidated)
npm http fetch GET 200 https://registry.npmjs.org/@pnpm%2fnpm-conf 93ms (cache revalidated)
npm http fetch GET 200 https://registry.npmjs.org/decompress-response 111ms (cache revalidated)
npm http fetch GET 200 https://registry.npmjs.org/@szmarczak%2fhttp-timer 114ms (cache revalidated)
npm http fetch GET 200 https://registry.npmjs.org/normalize-url 84ms (cache revalidated)
npm http fetch GET 200 https://registry.npmjs.org/mimic-response 88ms (cache revalidated)
npm http fetch GET 200 https://registry.npmjs.org/defer-to-connect 96ms (cache revalidated)
npm http fetch GET 200 https://registry.npmjs.org/keyv 94ms (cache revalidated)
npm http fetch GET 200 https://registry.npmjs.org/@types%2fhttp-cache-semantics 102ms (cache revalidated)
npm http fetch GET 200 https://registry.npmjs.org/http-cache-semantics 106ms (cache revalidated)
npm http fetch GET 200 https://registry.npmjs.org/mimic-response 114ms (cache revalidated)
npm http fetch GET 200 https://registry.npmjs.org/quick-lru 89ms (cache revalidated)
npm http fetch GET 200 https://registry.npmjs.org/resolve-alpn 100ms (cache revalidated)
npm http fetch GET 200 https://registry.npmjs.org/json-buffer 114ms (cache revalidated)
npm http fetch GET 200 https://registry.npmjs.org/config-chain 93ms (cache revalidated)
npm http fetch GET 200 https://registry.npmjs.org/@pnpm%2fconfig.env-replace 700ms (cache revalidated)
npm http fetch GET 200 https://registry.npmjs.org/@pnpm%2fnetwork.ca-file 1334ms (cache revalidated)
npm http fetch GET 200 https://registry.npmjs.org/proto-list 72ms (cache revalidated)
npm http fetch GET 200 https://registry.npmjs.org/deep-extend 76ms (cache revalidated)
npm http fetch GET 200 https://registry.npmjs.org/pend 74ms (cache revalidated)
npm http fetch GET 200 https://registry.npmjs.org/crc32-stream 94ms (cache revalidated)
npm http fetch GET 200 https://registry.npmjs.org/crc-32 91ms (cache revalidated)
npm http fetch GET 200 https://registry.npmjs.org/buffer-fill 91ms (cache revalidated)
npm http fetch GET 200 https://registry.npmjs.org/buffer-alloc-unsafe 92ms (cache revalidated)
npm http fetch GET 200 https://registry.npmjs.org/p-try 105ms (cache revalidated)
npm http fetch POST 200 https://registry.npmjs.org/-/npm/v1/security/advisories/bulk 727ms
npm warn deprecated inflight@1.0.6: This module is not supported, and leaks memory. Do not use it. Check out lru-cache if you want a good and tested way to coalesce async requests by a key value, which is much more comprehensive and powerful.
npm warn deprecated rimraf@2.5.4: Rimraf versions prior to v4 are no longer supported
npm warn deprecated har-validator@5.1.5: this library is no longer supported
npm warn deprecated glob@7.2.3: Glob versions prior to v9 are no longer supported
npm warn deprecated glob@8.1.0: Glob versions prior to v9 are no longer supported
npm warn deprecated uuid@3.4.0: Please upgrade  to version 7 or higher.  Older versions may use Math.random() in certain circumstances, which is known to be problematic.  See https://v8.dev/blog/math-random for details.
npm warn deprecated request@2.88.2: request has been deprecated, see https://github.com/request/request/issues/3142
npm http fetch GET 200 https://registry.npmjs.org/tough-cookie 393ms (cache revalidated)
npm http fetch GET 200 https://registry.npmjs.org/request 411ms (cache revalidated)
npm http fetch GET 200 https://registry.npmjs.org/browserstack-cypress-cli 988ms (cache revalidated)
npm info run fsevents@2.3.3 install node_modules/fsevents node-gyp rebuild
npm info run fsevents@2.3.3 install { code: 1, signal: null }
npm verbose reify failed optional dependency /Users/angelarellan/Documents/tmpBstackPackages/node_modules/fsevents
npm info run cypress@13.15.0 postinstall node_modules/cypress node index.js --exec install
npm info run cypress@13.15.0 postinstall { code: 0, signal: null }

added 469 packages, and audited 470 packages in 18s

94 packages are looking for funding
  run `npm fund` for details

3 moderate severity vulnerabilities

To address all issues (including breaking changes), run:
  npm audit fix --force

Run `npm audit` for details.
npm verbose cwd /Users/angelarellan/Documents/tmpBstackPackages
npm verbose os Darwin 23.6.0
npm verbose node v20.17.0
npm verbose npm  v10.8.2
npm verbose exit 0
npm info ok
