/bin/sh: npx: command not found

DevTools listening on ws://127.0.0.1:65368/devtools/browser/7512a37f-ea8e-413e-a769-14044d87974a
Could not find a Cypress configuration file in this folder: /Users/angelarellan/Documents/cypress/e2e/COMFRT
/bin/sh: npx: command not found
/bin/sh: npx: command not found
/bin/sh: npx: command not found
/bin/sh: npx: command not found
/bin/sh: npx: command not found
/bin/sh: npx: command not found
/bin/sh: npx: command not found
/bin/sh: npx: command not found
/bin/sh: npx: command not found
/bin/sh: npx: command not found
/bin/sh: npx: command not found
/bin/sh: npx: command not found
/bin/sh: npx: command not found
/bin/sh: npx: command not found
/bin/sh: npx: command not found
/bin/sh: npx: command not found
/bin/sh: npx: command not found
/bin/sh: npx: command not found
/bin/sh: npx: command not found
/bin/sh: npx: command not found
/bin/sh: npx: command not found
/bin/sh: npx: command not found
/bin/sh: npx: command not found
/bin/sh: npx: command not found
/bin/sh: npx: command not found
/bin/sh: npx: command not found
/bin/sh: npx: command not found
/bin/sh: npx: command not found
/bin/sh: npx: command not found
/bin/sh: npx: command not found
/bin/sh: npx: command not found
/bin/sh: npx: command not found
/bin/sh: npx: command not found
/bin/sh: npx: command not found
/bin/sh: npx: command not found
/bin/sh: npx: command not found
/bin/sh: npx: command not found
/bin/sh: npx: command not found
/bin/sh: npx: command not found
/bin/sh: npx: command not found
/bin/sh: npx: command not found
/bin/sh: npx: command not found
/bin/sh: npx: command not found
/bin/sh: npx: command not found
/bin/sh: npx: command not found
/bin/sh: npx: command not found
/bin/sh: npx: command not found

DevTools listening on ws://127.0.0.1:56493/devtools/browser/f0c41b72-2fcc-487d-8a48-9da0a8c0738d
Couldn't find tsconfig.json. tsconfig-paths will be skipped
Your project does not contain a default supportFile. We expect a file matching cypress/support/e2e.{js,jsx,ts,tsx} to exist.

If a support file is not necessary for your project, set supportFile to false.

https://on.cypress.io/support-file-missing-or-invalid

DevTools listening on ws://127.0.0.1:56775/devtools/browser/ae33c7fc-79c1-4d44-8438-d81b948458a0
Couldn't find tsconfig.json. tsconfig-paths will be skipped
Your project does not contain a default supportFile. We expect a file matching cypress/support/e2e.{js,jsx,ts,tsx} to exist.

If a support file is not necessary for your project, set supportFile to false.

https://on.cypress.io/support-file-missing-or-invalid

DevTools listening on ws://127.0.0.1:57262/devtools/browser/ac606341-bf7d-4541-9e84-1014bb369c7a
Couldn't find tsconfig.json. tsconfig-paths will be skipped
Your project does not contain a default supportFile. We expect a file matching cypress/support/e2e.{js,jsx,ts,tsx} to exist.

If a support file is not necessary for your project, set supportFile to false.

https://on.cypress.io/support-file-missing-or-invalid

DevTools listening on ws://127.0.0.1:58832/devtools/browser/5e74d1f6-c0b1-4bc7-b614-d7b5d3085939
Couldn't find tsconfig.json. tsconfig-paths will be skipped
Your project does not contain a default supportFile. We expect a file matching cypress/support/e2e.{js,jsx,ts,tsx} to exist.

If a support file is not necessary for your project, set supportFile to false.

https://on.cypress.io/support-file-missing-or-invalid

DevTools listening on ws://127.0.0.1:63862/devtools/browser/20202496-5c7f-42a5-b976-26b3b75b9fcc
Couldn't find tsconfig.json. tsconfig-paths will be skipped
Your project does not contain a default supportFile. We expect a file matching cypress/support/e2e.{js,jsx,ts,tsx} to exist.

If a support file is not necessary for your project, set supportFile to false.

https://on.cypress.io/support-file-missing-or-invalid

DevTools listening on ws://127.0.0.1:64895/devtools/browser/d2522c42-e70d-4d38-810d-7abc2e6b1702
Couldn't find tsconfig.json. tsconfig-paths will be skipped
Your project does not contain a default supportFile. We expect a file matching cypress/support/e2e.{js,jsx,ts,tsx} to exist.

If a support file is not necessary for your project, set supportFile to false.

https://on.cypress.io/support-file-missing-or-invalid
